GowinSynthesis start
Running parser ...
Analyzing Verilog file 'C:\Users\ilyda\OneDrive\Desktop\fpga\trafficLights\src\trafficLights.v'
WARN  (EX3792) : Literal value 'd240_000_000 truncated to fit in 24 bits("C:\Users\ilyda\OneDrive\Desktop\fpga\trafficLights\src\trafficLights.v":21)
WARN  (EX3792) : Literal value 'd48_000_000 truncated to fit in 24 bits("C:\Users\ilyda\OneDrive\Desktop\fpga\trafficLights\src\trafficLights.v":30)
WARN  (EX3792) : Literal value 'd120_000_000 truncated to fit in 24 bits("C:\Users\ilyda\OneDrive\Desktop\fpga\trafficLights\src\trafficLights.v":39)
Compiling module 'trafikIsigi'("C:\Users\ilyda\OneDrive\Desktop\fpga\trafficLights\src\trafficLights.v":1)
WARN  (EX3791) : Expression size 25 truncated to fit in target size 24("C:\Users\ilyda\OneDrive\Desktop\fpga\trafficLights\src\trafficLights.v":17)
NOTE  (EX0101) : Current top module is "trafikIsigi"
[5%] Running netlist conversion ...
Running device independent optimization ...
[10%] Optimizing Phase 0 completed
[15%] Optimizing Phase 1 completed
[25%] Optimizing Phase 2 completed
Running inference ...
[30%] Inferring Phase 0 completed
[40%] Inferring Phase 1 completed
[50%] Inferring Phase 2 completed
[55%] Inferring Phase 3 completed
Running technical mapping ...
[60%] Tech-Mapping Phase 0 completed
[65%] Tech-Mapping Phase 1 completed
[75%] Tech-Mapping Phase 2 completed
[80%] Tech-Mapping Phase 3 completed
[90%] Tech-Mapping Phase 4 completed
[95%] Generate netlist file "C:\Users\ilyda\OneDrive\Desktop\fpga\trafficLights\impl\gwsynthesis\trafficLights.vg" completed
[100%] Generate report file "C:\Users\ilyda\OneDrive\Desktop\fpga\trafficLights\impl\gwsynthesis\trafficLights_syn.rpt.html" completed
GowinSynthesis finish
